{
  "stats": {
    "suites": 12,
    "tests": 41,
    "passes": 1,
    "pending": 0,
    "failures": 40,
    "start": "2022-04-20T18:47:07.434Z",
    "end": "2022-04-20T18:50:03.218Z",
    "duration": 175784,
    "testsRegistered": 41,
    "passPercent": 2.4390243902439024,
    "pendingPercent": 0,
    "other": 0,
    "hasOther": false,
    "skipped": 0,
    "hasSkipped": false
  },
  "results": [
    {
      "uuid": "8f0fe41a-1417-4496-a91b-0732c657719c",
      "title": "",
      "fullFile": "cypress/integration/project.spec.js",
      "file": "cypress/integration/project.spec.js",
      "beforeHooks": [],
      "afterHooks": [],
      "tests": [],
      "suites": [
        {
          "uuid": "09d71f4c-b76e-4b22-a80d-c9c74c621787",
          "title": "1 - Adicione à página o título \"Paleta de Cores\".",
          "fullFile": "",
          "file": "",
          "beforeHooks": [],
          "afterHooks": [],
          "tests": [
            {
              "title": "Verifica se contém um elemento `h1` com o id `title` com o título correto",
              "fullTitle": "1 - Adicione à página o título \"Paleta de Cores\". Verifica se contém um elemento `h1` com o id `title` com o título correto",
              "timedOut": null,
              "duration": 232,
              "state": "passed",
              "speed": "slow",
              "pass": true,
              "fail": false,
              "pending": false,
              "context": null,
              "code": "cy.get('h1#title').should('contain.text', 'Paleta de Cores');",
              "err": {},
              "uuid": "123fd947-4547-4206-8da4-85237fe6e8a7",
              "parentUUID": "09d71f4c-b76e-4b22-a80d-c9c74c621787",
              "isHook": false,
              "skipped": false
            }
          ],
          "suites": [],
          "passes": [
            "123fd947-4547-4206-8da4-85237fe6e8a7"
          ],
          "failures": [],
          "pending": [],
          "skipped": [],
          "duration": 232,
          "root": false,
          "rootEmpty": false,
          "_timeout": 2000
        },
        {
          "uuid": "25b36f63-16ad-49b2-8b03-22d7d2bf52b2",
          "title": "2 - Adicione à página uma paleta de quatro cores distintas.",
          "fullFile": "",
          "file": "",
          "beforeHooks": [],
          "afterHooks": [],
          "tests": [
            {
              "title": "A paleta de cores deve ser um elemento com `id` denominado `color-palette` e ter mais de 0px de altura e de largura.",
              "fullTitle": "2 - Adicione à página uma paleta de quatro cores distintas. A paleta de cores deve ser um elemento com `id` denominado `color-palette` e ter mais de 0px de altura e de largura.",
              "timedOut": null,
              "duration": 4336,
              "state": "failed",
              "speed": null,
              "pass": false,
              "fail": true,
              "pending": false,
              "context": null,
              "code": "cy.get('#color-palette').should('be.visible');\ncy.get('#color-palette').children('.color');",
              "err": {
                "message": "CypressError: Timed out retrying: Expected to find element: '#color-palette', but never found it.",
                "estack": "CypressError: Timed out retrying: Expected to find element: '#color-palette', but never found it.\n    at cypressErr (http://localhost:40661/__cypress/runner/cypress_runner.js:149934:9)\n    at throwErr (http://localhost:40661/__cypress/runner/cypress_runner.js:149867:11)\n    at Object.throwErrByPath (http://localhost:40661/__cypress/runner/cypress_runner.js:149915:3)\n    at retry (http://localhost:40661/__cypress/runner/cypress_runner.js:144197:19)\n    at onFailFn (http://localhost:40661/__cypress/runner/cypress_runner.js:132448:16)\n    at tryCatcher (http://localhost:40661/__cypress/runner/cypress_runner.js:167415:23)\n    at Promise._settlePromiseFromHandler (http://localhost:40661/__cypress/runner/cypress_runner.js:165351:31)\n    at Promise._settlePromise (http://localhost:40661/__cypress/runner/cypress_runner.js:165408:18)\n    at Promise._settlePromise0 (http://localhost:40661/__cypress/runner/cypress_runner.js:165453:10)\n    at Promise._settlePromises (http://localhost:40661/__cypress/runner/cypress_runner.js:165528:18)\n    at Async../node_modules/bluebird/js/release/async.js.Async._drainQueue (http://localhost:40661/__cypress/runner/cypress_runner.js:162140:16)\n    at Async../node_modules/bluebird/js/release/async.js.Async._drainQueues (http://localhost:40661/__cypress/runner/cypress_runner.js:162150:10)\n    at Async.drainQueues (http://localhost:40661/__cypress/runner/cypress_runner.js:162024:14)",
                "diff": null
              },
              "uuid": "e96b11e1-cdae-483c-8a4a-5b31f33961e4",
              "parentUUID": "25b36f63-16ad-49b2-8b03-22d7d2bf52b2",
              "isHook": false,
              "skipped": false
            },
            {
              "title": "Verifica se cada cor individual da paleta de cores possui a `classe` chamada `color`.",
              "fullTitle": "2 - Adicione à página uma paleta de quatro cores distintas. Verifica se cada cor individual da paleta de cores possui a `classe` chamada `color`.",
              "timedOut": null,
              "duration": 4339,
              "state": "failed",
              "speed": null,
              "pass": false,
              "fail": true,
              "pending": false,
              "context": null,
              "code": "cy.get('.color').should('have.length', 4).then(function (colors) {\n  for (var i = 0; i < colors.length; i++) {\n    cy.wrap(colors[i]).should('be.visible');\n  }\n});",
              "err": {
                "message": "CypressError: Timed out retrying: Expected to find element: '.color', but never found it.",
                "estack": "CypressError: Timed out retrying: Expected to find element: '.color', but never found it.\n    at cypressErr (http://localhost:40661/__cypress/runner/cypress_runner.js:149934:9)\n    at throwErr (http://localhost:40661/__cypress/runner/cypress_runner.js:149867:11)\n    at Object.throwErrByPath (http://localhost:40661/__cypress/runner/cypress_runner.js:149915:3)\n    at retry (http://localhost:40661/__cypress/runner/cypress_runner.js:144197:19)\n    at onFailFn (http://localhost:40661/__cypress/runner/cypress_runner.js:132448:16)\n    at tryCatcher (http://localhost:40661/__cypress/runner/cypress_runner.js:167415:23)\n    at Promise._settlePromiseFromHandler (http://localhost:40661/__cypress/runner/cypress_runner.js:165351:31)\n    at Promise._settlePromise (http://localhost:40661/__cypress/runner/cypress_runner.js:165408:18)\n    at Promise._settlePromise0 (http://localhost:40661/__cypress/runner/cypress_runner.js:165453:10)\n    at Promise._settlePromises (http://localhost:40661/__cypress/runner/cypress_runner.js:165528:18)\n    at Async../node_modules/bluebird/js/release/async.js.Async._drainQueue (http://localhost:40661/__cypress/runner/cypress_runner.js:162140:16)\n    at Async../node_modules/bluebird/js/release/async.js.Async._drainQueues (http://localhost:40661/__cypress/runner/cypress_runner.js:162150:10)\n    at Async.drainQueues (http://localhost:40661/__cypress/runner/cypress_runner.js:162024:14)",
                "diff": null
              },
              "uuid": "91e8254a-28bf-48f4-9799-31eb66bfdf89",
              "parentUUID": "25b36f63-16ad-49b2-8b03-22d7d2bf52b2",
              "isHook": false,
              "skipped": false
            },
            {
              "title": "Verifica se a cor de fundo de cada elemento da paleta é a cor que o elemento representa. **A única cor não permitida na paleta é a cor branca.**",
              "fullTitle": "2 - Adicione à página uma paleta de quatro cores distintas. Verifica se a cor de fundo de cada elemento da paleta é a cor que o elemento representa. **A única cor não permitida na paleta é a cor branca.**",
              "timedOut": null,
              "duration": 4287,
              "state": "failed",
              "speed": null,
              "pass": false,
              "fail": true,
              "pending": false,
              "context": null,
              "code": "cy.get('.color').each(function (color) {\n  cy.wrap(color).should('have.class', 'color').and('not.have.css', 'background-color', WHITE);\n  cy.wrap(color).should('have.css', 'background-color');\n});",
              "err": {
                "message": "CypressError: Timed out retrying: Expected to find element: '.color', but never found it.",
                "estack": "CypressError: Timed out retrying: Expected to find element: '.color', but never found it.\n    at cypressErr (http://localhost:40661/__cypress/runner/cypress_runner.js:149934:9)\n    at throwErr (http://localhost:40661/__cypress/runner/cypress_runner.js:149867:11)\n    at Object.throwErrByPath (http://localhost:40661/__cypress/runner/cypress_runner.js:149915:3)\n    at retry (http://localhost:40661/__cypress/runner/cypress_runner.js:144197:19)\n    at onFailFn (http://localhost:40661/__cypress/runner/cypress_runner.js:132448:16)\n    at tryCatcher (http://localhost:40661/__cypress/runner/cypress_runner.js:167415:23)\n    at Promise._settlePromiseFromHandler (http://localhost:40661/__cypress/runner/cypress_runner.js:165351:31)\n    at Promise._settlePromise (http://localhost:40661/__cypress/runner/cypress_runner.js:165408:18)\n    at Promise._settlePromise0 (http://localhost:40661/__cypress/runner/cypress_runner.js:165453:10)\n    at Promise._settlePromises (http://localhost:40661/__cypress/runner/cypress_runner.js:165528:18)\n    at Async../node_modules/bluebird/js/release/async.js.Async._drainQueue (http://localhost:40661/__cypress/runner/cypress_runner.js:162140:16)\n    at Async../node_modules/bluebird/js/release/async.js.Async._drainQueues (http://localhost:40661/__cypress/runner/cypress_runner.js:162150:10)\n    at Async.drainQueues (http://localhost:40661/__cypress/runner/cypress_runner.js:162024:14)",
                "diff": null
              },
              "uuid": "b43a5055-35d3-4673-802c-f69cd9bdf05f",
              "parentUUID": "25b36f63-16ad-49b2-8b03-22d7d2bf52b2",
              "isHook": false,
              "skipped": false
            },
            {
              "title": "Verifica se cada elemento da paleta de cores tem uma borda preta, sólida e com 1 pixel de largura;",
              "fullTitle": "2 - Adicione à página uma paleta de quatro cores distintas. Verifica se cada elemento da paleta de cores tem uma borda preta, sólida e com 1 pixel de largura;",
              "timedOut": null,
              "duration": 4353,
              "state": "failed",
              "speed": null,
              "pass": false,
              "fail": true,
              "pending": false,
              "context": null,
              "code": "cy.get('.color').each(function (color) {\n  cy.wrap(color).and('have.css', 'border', \"1px solid \".concat(BLACK)).and('have.class', 'color');\n});",
              "err": {
                "message": "CypressError: Timed out retrying: Expected to find element: '.color', but never found it.",
                "estack": "CypressError: Timed out retrying: Expected to find element: '.color', but never found it.\n    at cypressErr (http://localhost:40661/__cypress/runner/cypress_runner.js:149934:9)\n    at throwErr (http://localhost:40661/__cypress/runner/cypress_runner.js:149867:11)\n    at Object.throwErrByPath (http://localhost:40661/__cypress/runner/cypress_runner.js:149915:3)\n    at retry (http://localhost:40661/__cypress/runner/cypress_runner.js:144197:19)\n    at onFailFn (http://localhost:40661/__cypress/runner/cypress_runner.js:132448:16)\n    at tryCatcher (http://localhost:40661/__cypress/runner/cypress_runner.js:167415:23)\n    at Promise._settlePromiseFromHandler (http://localhost:40661/__cypress/runner/cypress_runner.js:165351:31)\n    at Promise._settlePromise (http://localhost:40661/__cypress/runner/cypress_runner.js:165408:18)\n    at Promise._settlePromise0 (http://localhost:40661/__cypress/runner/cypress_runner.js:165453:10)\n    at Promise._settlePromises (http://localhost:40661/__cypress/runner/cypress_runner.js:165528:18)\n    at Async../node_modules/bluebird/js/release/async.js.Async._drainQueue (http://localhost:40661/__cypress/runner/cypress_runner.js:162140:16)\n    at Async../node_modules/bluebird/js/release/async.js.Async._drainQueues (http://localhost:40661/__cypress/runner/cypress_runner.js:162150:10)\n    at Async.drainQueues (http://localhost:40661/__cypress/runner/cypress_runner.js:162024:14)",
                "diff": null
              },
              "uuid": "aa04bea9-6c84-41d4-b559-d82337c3de2b",
              "parentUUID": "25b36f63-16ad-49b2-8b03-22d7d2bf52b2",
              "isHook": false,
              "skipped": false
            },
            {
              "title": "Verifica se a paleta lista todas as cores disponíveis para utilização, lado a lado.",
              "fullTitle": "2 - Adicione à página uma paleta de quatro cores distintas. Verifica se a paleta lista todas as cores disponíveis para utilização, lado a lado.",
              "timedOut": null,
              "duration": 4356,
              "state": "failed",
              "speed": null,
              "pass": false,
              "fail": true,
              "pending": false,
              "context": null,
              "code": "cy.get('.color').then(function (colors) {\n  for (var index = 1; index < colors.length; index += 1) {\n    var currentColor = colors[index];\n    var previousColor = colors[index - 1];\n    cy.wrap(currentColor).should('be.onTheRightOf', previousColor).and('be.horizontallyAlignedWith', previousColor);\n  }\n});",
              "err": {
                "message": "CypressError: Timed out retrying: Expected to find element: '.color', but never found it.",
                "estack": "CypressError: Timed out retrying: Expected to find element: '.color', but never found it.\n    at cypressErr (http://localhost:40661/__cypress/runner/cypress_runner.js:149934:9)\n    at throwErr (http://localhost:40661/__cypress/runner/cypress_runner.js:149867:11)\n    at Object.throwErrByPath (http://localhost:40661/__cypress/runner/cypress_runner.js:149915:3)\n    at retry (http://localhost:40661/__cypress/runner/cypress_runner.js:144197:19)\n    at onFailFn (http://localhost:40661/__cypress/runner/cypress_runner.js:132448:16)\n    at tryCatcher (http://localhost:40661/__cypress/runner/cypress_runner.js:167415:23)\n    at Promise._settlePromiseFromHandler (http://localhost:40661/__cypress/runner/cypress_runner.js:165351:31)\n    at Promise._settlePromise (http://localhost:40661/__cypress/runner/cypress_runner.js:165408:18)\n    at Promise._settlePromise0 (http://localhost:40661/__cypress/runner/cypress_runner.js:165453:10)\n    at Promise._settlePromises (http://localhost:40661/__cypress/runner/cypress_runner.js:165528:18)\n    at Async../node_modules/bluebird/js/release/async.js.Async._drainQueue (http://localhost:40661/__cypress/runner/cypress_runner.js:162140:16)\n    at Async../node_modules/bluebird/js/release/async.js.Async._drainQueues (http://localhost:40661/__cypress/runner/cypress_runner.js:162150:10)\n    at Async.drainQueues (http://localhost:40661/__cypress/runner/cypress_runner.js:162024:14)",
                "diff": null
              },
              "uuid": "576a652e-3e41-409f-8016-1c43a99e524d",
              "parentUUID": "25b36f63-16ad-49b2-8b03-22d7d2bf52b2",
              "isHook": false,
              "skipped": false
            },
            {
              "title": "Verifica se a paleta de cores está posicionada abaixo do título 'Paleta de Cores'",
              "fullTitle": "2 - Adicione à página uma paleta de quatro cores distintas. Verifica se a paleta de cores está posicionada abaixo do título 'Paleta de Cores'",
              "timedOut": null,
              "duration": 4341,
              "state": "failed",
              "speed": null,
              "pass": false,
              "fail": true,
              "pending": false,
              "context": null,
              "code": "cy.get('h1#title').then(function (title) {\n  cy.get('#color-palette').should('be.belowOf', title);\n});",
              "err": {
                "message": "CypressError: Timed out retrying: Expected to find element: '#color-palette', but never found it.",
                "estack": "CypressError: Timed out retrying: Expected to find element: '#color-palette', but never found it.\n    at cypressErr (http://localhost:40661/__cypress/runner/cypress_runner.js:149934:9)\n    at throwErr (http://localhost:40661/__cypress/runner/cypress_runner.js:149867:11)\n    at Object.throwErrByPath (http://localhost:40661/__cypress/runner/cypress_runner.js:149915:3)\n    at retry (http://localhost:40661/__cypress/runner/cypress_runner.js:144197:19)\n    at onFailFn (http://localhost:40661/__cypress/runner/cypress_runner.js:132448:16)\n    at tryCatcher (http://localhost:40661/__cypress/runner/cypress_runner.js:167415:23)\n    at Promise._settlePromiseFromHandler (http://localhost:40661/__cypress/runner/cypress_runner.js:165351:31)\n    at Promise._settlePromise (http://localhost:40661/__cypress/runner/cypress_runner.js:165408:18)\n    at Promise._settlePromise0 (http://localhost:40661/__cypress/runner/cypress_runner.js:165453:10)\n    at Promise._settlePromises (http://localhost:40661/__cypress/runner/cypress_runner.js:165528:18)\n    at Async../node_modules/bluebird/js/release/async.js.Async._drainQueue (http://localhost:40661/__cypress/runner/cypress_runner.js:162140:16)\n    at Async../node_modules/bluebird/js/release/async.js.Async._drainQueues (http://localhost:40661/__cypress/runner/cypress_runner.js:162150:10)\n    at Async.drainQueues (http://localhost:40661/__cypress/runner/cypress_runner.js:162024:14)",
                "diff": null
              },
              "uuid": "2fa8c343-32a1-4b74-9082-87e99575ba92",
              "parentUUID": "25b36f63-16ad-49b2-8b03-22d7d2bf52b2",
              "isHook": false,
              "skipped": false
            },
            {
              "title": "Verifica se a paleta de cores não contém cores repetidas.",
              "fullTitle": "2 - Adicione à página uma paleta de quatro cores distintas. Verifica se a paleta de cores não contém cores repetidas.",
              "timedOut": null,
              "duration": 4316,
              "state": "failed",
              "speed": null,
              "pass": false,
              "fail": true,
              "pending": false,
              "context": null,
              "code": "cy.get('.color').then(function (colors) {\n  var allColors = Array.from(colors).map(function (color) {\n    return Cypress.$(color).css('background-color');\n  });\n  cy.log(allColors);\n  var uniqColors = (0, _toConsumableArray2[\"default\"])(new Set(allColors));\n  cy.log(uniqColors);\n  expect(allColors.length).to.eq(uniqColors.length);\n});",
              "err": {
                "message": "CypressError: Timed out retrying: Expected to find element: '.color', but never found it.",
                "estack": "CypressError: Timed out retrying: Expected to find element: '.color', but never found it.\n    at cypressErr (http://localhost:40661/__cypress/runner/cypress_runner.js:149934:9)\n    at throwErr (http://localhost:40661/__cypress/runner/cypress_runner.js:149867:11)\n    at Object.throwErrByPath (http://localhost:40661/__cypress/runner/cypress_runner.js:149915:3)\n    at retry (http://localhost:40661/__cypress/runner/cypress_runner.js:144197:19)\n    at onFailFn (http://localhost:40661/__cypress/runner/cypress_runner.js:132448:16)\n    at tryCatcher (http://localhost:40661/__cypress/runner/cypress_runner.js:167415:23)\n    at Promise._settlePromiseFromHandler (http://localhost:40661/__cypress/runner/cypress_runner.js:165351:31)\n    at Promise._settlePromise (http://localhost:40661/__cypress/runner/cypress_runner.js:165408:18)\n    at Promise._settlePromise0 (http://localhost:40661/__cypress/runner/cypress_runner.js:165453:10)\n    at Promise._settlePromises (http://localhost:40661/__cypress/runner/cypress_runner.js:165528:18)\n    at Async../node_modules/bluebird/js/release/async.js.Async._drainQueue (http://localhost:40661/__cypress/runner/cypress_runner.js:162140:16)\n    at Async../node_modules/bluebird/js/release/async.js.Async._drainQueues (http://localhost:40661/__cypress/runner/cypress_runner.js:162150:10)\n    at Async.drainQueues (http://localhost:40661/__cypress/runner/cypress_runner.js:162024:14)",
                "diff": null
              },
              "uuid": "41ab1882-8ee5-45b7-9e67-be2b137afcfd",
              "parentUUID": "25b36f63-16ad-49b2-8b03-22d7d2bf52b2",
              "isHook": false,
              "skipped": false
            }
          ],
          "suites": [],
          "passes": [],
          "failures": [
            "e96b11e1-cdae-483c-8a4a-5b31f33961e4",
            "91e8254a-28bf-48f4-9799-31eb66bfdf89",
            "b43a5055-35d3-4673-802c-f69cd9bdf05f",
            "aa04bea9-6c84-41d4-b559-d82337c3de2b",
            "576a652e-3e41-409f-8016-1c43a99e524d",
            "2fa8c343-32a1-4b74-9082-87e99575ba92",
            "41ab1882-8ee5-45b7-9e67-be2b137afcfd"
          ],
          "pending": [],
          "skipped": [],
          "duration": 30328,
          "root": false,
          "rootEmpty": false,
          "_timeout": 2000
        },
        {
          "uuid": "d618d153-d088-4f78-bd66-e6bf84834a7c",
          "title": "3 - Adicione a cor **preta** como a primeira cor da paleta de cores.",
          "fullFile": "",
          "file": "",
          "beforeHooks": [],
          "afterHooks": [],
          "tests": [
            {
              "title": "Verifica se a primeira cor da paleta é preta",
              "fullTitle": "3 - Adicione a cor **preta** como a primeira cor da paleta de cores. Verifica se a primeira cor da paleta é preta",
              "timedOut": null,
              "duration": 4306,
              "state": "failed",
              "speed": null,
              "pass": false,
              "fail": true,
              "pending": false,
              "context": null,
              "code": "cy.get('.color').first().should('have.css', 'background-color', BLACK);",
              "err": {
                "message": "CypressError: Timed out retrying: Expected to find element: '.color', but never found it.",
                "estack": "CypressError: Timed out retrying: Expected to find element: '.color', but never found it.\n    at cypressErr (http://localhost:40661/__cypress/runner/cypress_runner.js:149934:9)\n    at throwErr (http://localhost:40661/__cypress/runner/cypress_runner.js:149867:11)\n    at Object.throwErrByPath (http://localhost:40661/__cypress/runner/cypress_runner.js:149915:3)\n    at retry (http://localhost:40661/__cypress/runner/cypress_runner.js:144197:19)\n    at onFailFn (http://localhost:40661/__cypress/runner/cypress_runner.js:132448:16)\n    at tryCatcher (http://localhost:40661/__cypress/runner/cypress_runner.js:167415:23)\n    at Promise._settlePromiseFromHandler (http://localhost:40661/__cypress/runner/cypress_runner.js:165351:31)\n    at Promise._settlePromise (http://localhost:40661/__cypress/runner/cypress_runner.js:165408:18)\n    at Promise._settlePromise0 (http://localhost:40661/__cypress/runner/cypress_runner.js:165453:10)\n    at Promise._settlePromises (http://localhost:40661/__cypress/runner/cypress_runner.js:165528:18)\n    at Async../node_modules/bluebird/js/release/async.js.Async._drainQueue (http://localhost:40661/__cypress/runner/cypress_runner.js:162140:16)\n    at Async../node_modules/bluebird/js/release/async.js.Async._drainQueues (http://localhost:40661/__cypress/runner/cypress_runner.js:162150:10)\n    at Async.drainQueues (http://localhost:40661/__cypress/runner/cypress_runner.js:162024:14)",
                "diff": null
              },
              "uuid": "13bcf7cd-241c-404a-9341-27f0164af93c",
              "parentUUID": "d618d153-d088-4f78-bd66-e6bf84834a7c",
              "isHook": false,
              "skipped": false
            },
            {
              "title": "Verifica se as demais cores podem ser escolhidas livremente.",
              "fullTitle": "3 - Adicione a cor **preta** como a primeira cor da paleta de cores. Verifica se as demais cores podem ser escolhidas livremente.",
              "timedOut": null,
              "duration": 4328,
              "state": "failed",
              "speed": null,
              "pass": false,
              "fail": true,
              "pending": false,
              "context": null,
              "code": "cy.get('.color').eq(1).should('not.have.css', 'background-color', BLACK);\ncy.get('.color').eq(1).should('not.have.css', 'background-color', WHITE);\ncy.get('.color').eq(1).should('not.have.css', 'background-color', 'rgba(0, 0, 0, 0)');\ncy.get('.color').eq(1).should('have.css', 'background-color');\ncy.get('.color').eq(2).should('not.have.css', 'background-color', BLACK);\ncy.get('.color').eq(2).should('not.have.css', 'background-color', WHITE);\ncy.get('.color').eq(2).should('not.have.css', 'background-color', 'rgba(0, 0, 0, 0)');\ncy.get('.color').eq(2).should('have.css', 'background-color');\ncy.get('.color').eq(3).should('not.have.css', 'background-color', BLACK);\ncy.get('.color').eq(3).should('not.have.css', 'background-color', WHITE);\ncy.get('.color').eq(3).should('not.have.css', 'background-color', 'rgba(0, 0, 0, 0)');\ncy.get('.color').eq(3).should('have.css', 'background-color');",
              "err": {
                "message": "CypressError: Timed out retrying: Expected to find element: '.color', but never found it.",
                "estack": "CypressError: Timed out retrying: Expected to find element: '.color', but never found it.\n    at cypressErr (http://localhost:40661/__cypress/runner/cypress_runner.js:149934:9)\n    at throwErr (http://localhost:40661/__cypress/runner/cypress_runner.js:149867:11)\n    at Object.throwErrByPath (http://localhost:40661/__cypress/runner/cypress_runner.js:149915:3)\n    at retry (http://localhost:40661/__cypress/runner/cypress_runner.js:144197:19)\n    at onFailFn (http://localhost:40661/__cypress/runner/cypress_runner.js:132448:16)\n    at tryCatcher (http://localhost:40661/__cypress/runner/cypress_runner.js:167415:23)\n    at Promise._settlePromiseFromHandler (http://localhost:40661/__cypress/runner/cypress_runner.js:165351:31)\n    at Promise._settlePromise (http://localhost:40661/__cypress/runner/cypress_runner.js:165408:18)\n    at Promise._settlePromise0 (http://localhost:40661/__cypress/runner/cypress_runner.js:165453:10)\n    at Promise._settlePromises (http://localhost:40661/__cypress/runner/cypress_runner.js:165528:18)\n    at Async../node_modules/bluebird/js/release/async.js.Async._drainQueue (http://localhost:40661/__cypress/runner/cypress_runner.js:162140:16)\n    at Async../node_modules/bluebird/js/release/async.js.Async._drainQueues (http://localhost:40661/__cypress/runner/cypress_runner.js:162150:10)\n    at Async.drainQueues (http://localhost:40661/__cypress/runner/cypress_runner.js:162024:14)",
                "diff": null
              },
              "uuid": "d5064ec4-438d-438d-b765-15c1b329bf1e",
              "parentUUID": "d618d153-d088-4f78-bd66-e6bf84834a7c",
              "isHook": false,
              "skipped": false
            }
          ],
          "suites": [],
          "passes": [],
          "failures": [
            "13bcf7cd-241c-404a-9341-27f0164af93c",
            "d5064ec4-438d-438d-b765-15c1b329bf1e"
          ],
          "pending": [],
          "skipped": [],
          "duration": 8634,
          "root": false,
          "rootEmpty": false,
          "_timeout": 2000
        },
        {
          "uuid": "72f8fe89-183b-469e-8daf-05a82c0576da",
          "title": "4 - Adicione à página um quadro de pixels, com 25 pixels.",
          "fullFile": "",
          "file": "",
          "beforeHooks": [],
          "afterHooks": [],
          "tests": [
            {
              "title": "Verifica se o quadro de pixels possui o `id` denominado `pixel-board`",
              "fullTitle": "4 - Adicione à página um quadro de pixels, com 25 pixels. Verifica se o quadro de pixels possui o `id` denominado `pixel-board`",
              "timedOut": null,
              "duration": 4339,
              "state": "failed",
              "speed": null,
              "pass": false,
              "fail": true,
              "pending": false,
              "context": null,
              "code": "cy.get('#pixel-board').should('be.visible');",
              "err": {
                "message": "CypressError: Timed out retrying: Expected to find element: '#pixel-board', but never found it.",
                "estack": "CypressError: Timed out retrying: Expected to find element: '#pixel-board', but never found it.\n    at cypressErr (http://localhost:40661/__cypress/runner/cypress_runner.js:149934:9)\n    at throwErr (http://localhost:40661/__cypress/runner/cypress_runner.js:149867:11)\n    at Object.throwErrByPath (http://localhost:40661/__cypress/runner/cypress_runner.js:149915:3)\n    at retry (http://localhost:40661/__cypress/runner/cypress_runner.js:144197:19)\n    at onFailFn (http://localhost:40661/__cypress/runner/cypress_runner.js:132448:16)\n    at tryCatcher (http://localhost:40661/__cypress/runner/cypress_runner.js:167415:23)\n    at Promise._settlePromiseFromHandler (http://localhost:40661/__cypress/runner/cypress_runner.js:165351:31)\n    at Promise._settlePromise (http://localhost:40661/__cypress/runner/cypress_runner.js:165408:18)\n    at Promise._settlePromise0 (http://localhost:40661/__cypress/runner/cypress_runner.js:165453:10)\n    at Promise._settlePromises (http://localhost:40661/__cypress/runner/cypress_runner.js:165528:18)\n    at Async../node_modules/bluebird/js/release/async.js.Async._drainQueue (http://localhost:40661/__cypress/runner/cypress_runner.js:162140:16)\n    at Async../node_modules/bluebird/js/release/async.js.Async._drainQueues (http://localhost:40661/__cypress/runner/cypress_runner.js:162150:10)\n    at Async.drainQueues (http://localhost:40661/__cypress/runner/cypress_runner.js:162024:14)",
                "diff": null
              },
              "uuid": "ab443f46-d98a-4448-956c-5a3bb90ed6a3",
              "parentUUID": "72f8fe89-183b-469e-8daf-05a82c0576da",
              "isHook": false,
              "skipped": false
            },
            {
              "title": "Verifica se cada pixel individual dentro do quadro possui a `classe` denominada `pixel`.",
              "fullTitle": "4 - Adicione à página um quadro de pixels, com 25 pixels. Verifica se cada pixel individual dentro do quadro possui a `classe` denominada `pixel`.",
              "timedOut": null,
              "duration": 4311,
              "state": "failed",
              "speed": null,
              "pass": false,
              "fail": true,
              "pending": false,
              "context": null,
              "code": "cy.get('.pixel').should('have.length', 25);",
              "err": {
                "message": "CypressError: Timed out retrying: Expected to find element: '.pixel', but never found it.",
                "estack": "CypressError: Timed out retrying: Expected to find element: '.pixel', but never found it.\n    at cypressErr (http://localhost:40661/__cypress/runner/cypress_runner.js:149934:9)\n    at throwErr (http://localhost:40661/__cypress/runner/cypress_runner.js:149867:11)\n    at Object.throwErrByPath (http://localhost:40661/__cypress/runner/cypress_runner.js:149915:3)\n    at retry (http://localhost:40661/__cypress/runner/cypress_runner.js:144197:19)\n    at onFailFn (http://localhost:40661/__cypress/runner/cypress_runner.js:132448:16)\n    at tryCatcher (http://localhost:40661/__cypress/runner/cypress_runner.js:167415:23)\n    at Promise._settlePromiseFromHandler (http://localhost:40661/__cypress/runner/cypress_runner.js:165351:31)\n    at Promise._settlePromise (http://localhost:40661/__cypress/runner/cypress_runner.js:165408:18)\n    at Promise._settlePromise0 (http://localhost:40661/__cypress/runner/cypress_runner.js:165453:10)\n    at Promise._settlePromises (http://localhost:40661/__cypress/runner/cypress_runner.js:165528:18)\n    at Async../node_modules/bluebird/js/release/async.js.Async._drainQueue (http://localhost:40661/__cypress/runner/cypress_runner.js:162140:16)\n    at Async../node_modules/bluebird/js/release/async.js.Async._drainQueues (http://localhost:40661/__cypress/runner/cypress_runner.js:162150:10)\n    at Async.drainQueues (http://localhost:40661/__cypress/runner/cypress_runner.js:162024:14)",
                "diff": null
              },
              "uuid": "2a86201e-b7c8-45b0-85f2-9daf3eb2d803",
              "parentUUID": "72f8fe89-183b-469e-8daf-05a82c0576da",
              "isHook": false,
              "skipped": false
            },
            {
              "title": "Verifica se a cor inicial dos pixels dentro do quadro, ao abrir a página, é branca.",
              "fullTitle": "4 - Adicione à página um quadro de pixels, com 25 pixels. Verifica se a cor inicial dos pixels dentro do quadro, ao abrir a página, é branca.",
              "timedOut": null,
              "duration": 4421,
              "state": "failed",
              "speed": null,
              "pass": false,
              "fail": true,
              "pending": false,
              "context": null,
              "code": "cy.get('.pixel').should('have.length', 25).each(function (pixel) {\n  expect(pixel).to.have.css('background-color', WHITE);\n});",
              "err": {
                "message": "CypressError: Timed out retrying: Expected to find element: '.pixel', but never found it.",
                "estack": "CypressError: Timed out retrying: Expected to find element: '.pixel', but never found it.\n    at cypressErr (http://localhost:40661/__cypress/runner/cypress_runner.js:149934:9)\n    at throwErr (http://localhost:40661/__cypress/runner/cypress_runner.js:149867:11)\n    at Object.throwErrByPath (http://localhost:40661/__cypress/runner/cypress_runner.js:149915:3)\n    at retry (http://localhost:40661/__cypress/runner/cypress_runner.js:144197:19)\n    at onFailFn (http://localhost:40661/__cypress/runner/cypress_runner.js:132448:16)\n    at tryCatcher (http://localhost:40661/__cypress/runner/cypress_runner.js:167415:23)\n    at Promise._settlePromiseFromHandler (http://localhost:40661/__cypress/runner/cypress_runner.js:165351:31)\n    at Promise._settlePromise (http://localhost:40661/__cypress/runner/cypress_runner.js:165408:18)\n    at Promise._settlePromise0 (http://localhost:40661/__cypress/runner/cypress_runner.js:165453:10)\n    at Promise._settlePromises (http://localhost:40661/__cypress/runner/cypress_runner.js:165528:18)\n    at Async../node_modules/bluebird/js/release/async.js.Async._drainQueue (http://localhost:40661/__cypress/runner/cypress_runner.js:162140:16)\n    at Async../node_modules/bluebird/js/release/async.js.Async._drainQueues (http://localhost:40661/__cypress/runner/cypress_runner.js:162150:10)\n    at Async.drainQueues (http://localhost:40661/__cypress/runner/cypress_runner.js:162024:14)",
                "diff": null
              },
              "uuid": "b3fccdda-2978-4191-a08a-6d9f4e98befe",
              "parentUUID": "72f8fe89-183b-469e-8daf-05a82c0576da",
              "isHook": false,
              "skipped": false
            },
            {
              "title": "Verifica se o quadro de pixels aparece abaixo da paleta de cores",
              "fullTitle": "4 - Adicione à página um quadro de pixels, com 25 pixels. Verifica se o quadro de pixels aparece abaixo da paleta de cores",
              "timedOut": null,
              "duration": 4376,
              "state": "failed",
              "speed": null,
              "pass": false,
              "fail": true,
              "pending": false,
              "context": null,
              "code": "cy.get('#color-palette').then(function (palette) {\n  cy.get('#pixel-board').should('be.belowOf', palette);\n});",
              "err": {
                "message": "CypressError: Timed out retrying: Expected to find element: '#color-palette', but never found it.",
                "estack": "CypressError: Timed out retrying: Expected to find element: '#color-palette', but never found it.\n    at cypressErr (http://localhost:40661/__cypress/runner/cypress_runner.js:149934:9)\n    at throwErr (http://localhost:40661/__cypress/runner/cypress_runner.js:149867:11)\n    at Object.throwErrByPath (http://localhost:40661/__cypress/runner/cypress_runner.js:149915:3)\n    at retry (http://localhost:40661/__cypress/runner/cypress_runner.js:144197:19)\n    at onFailFn (http://localhost:40661/__cypress/runner/cypress_runner.js:132448:16)\n    at tryCatcher (http://localhost:40661/__cypress/runner/cypress_runner.js:167415:23)\n    at Promise._settlePromiseFromHandler (http://localhost:40661/__cypress/runner/cypress_runner.js:165351:31)\n    at Promise._settlePromise (http://localhost:40661/__cypress/runner/cypress_runner.js:165408:18)\n    at Promise._settlePromise0 (http://localhost:40661/__cypress/runner/cypress_runner.js:165453:10)\n    at Promise._settlePromises (http://localhost:40661/__cypress/runner/cypress_runner.js:165528:18)\n    at Async../node_modules/bluebird/js/release/async.js.Async._drainQueue (http://localhost:40661/__cypress/runner/cypress_runner.js:162140:16)\n    at Async../node_modules/bluebird/js/release/async.js.Async._drainQueues (http://localhost:40661/__cypress/runner/cypress_runner.js:162150:10)\n    at Async.drainQueues (http://localhost:40661/__cypress/runner/cypress_runner.js:162024:14)",
                "diff": null
              },
              "uuid": "ccb949eb-7f57-41b0-95ae-614e4cec9613",
              "parentUUID": "72f8fe89-183b-469e-8daf-05a82c0576da",
              "isHook": false,
              "skipped": false
            }
          ],
          "suites": [],
          "passes": [],
          "failures": [
            "ab443f46-d98a-4448-956c-5a3bb90ed6a3",
            "2a86201e-b7c8-45b0-85f2-9daf3eb2d803",
            "b3fccdda-2978-4191-a08a-6d9f4e98befe",
            "ccb949eb-7f57-41b0-95ae-614e4cec9613"
          ],
          "pending": [],
          "skipped": [],
          "duration": 17447,
          "root": false,
          "rootEmpty": false,
          "_timeout": 2000
        },
        {
          "uuid": "1aaec7a5-8108-4544-8750-6b9ca31bbe68",
          "title": "5 - Faça com que cada elemento do quadro de pixels possua 40 pixels de largura, 40 pixels de altura e seja delimitado por uma borda preta de 1 pixel.",
          "fullFile": "",
          "file": "",
          "beforeHooks": [],
          "afterHooks": [],
          "tests": [
            {
              "title": "Verifica se o quadro de pixels tem altura e comprimento de 5 elementos",
              "fullTitle": "5 - Faça com que cada elemento do quadro de pixels possua 40 pixels de largura, 40 pixels de altura e seja delimitado por uma borda preta de 1 pixel. Verifica se o quadro de pixels tem altura e comprimento de 5 elementos",
              "timedOut": null,
              "duration": 4356,
              "state": "failed",
              "speed": null,
              "pass": false,
              "fail": true,
              "pending": false,
              "context": null,
              "code": "cy.get('.pixel').should('have.length', 25).each(function (pixel) {\n  expect(pixel).to.have.css('background-color', WHITE);\n}).and(function (pixels) {\n  var rows = chunk(pixels, 5);\n  rows.forEach(function (row) {\n    for (var index = 1; index < row.length; index += 1) {\n      var current = pixels[index];\n      var previous = pixels[index - 1];\n      cy.wrap(current).should('be.onTheRightOf', previous).and('be.horizontallyAlignedWith', previous);\n    }\n  });\n  for (var index = 1; index < 5; index += 1) {\n    expect(pixels[index * 5]).to.be.belowOf(pixels[(index - 1) * 5]);\n  }\n});",
              "err": {
                "message": "CypressError: Timed out retrying: Expected to find element: '.pixel', but never found it.",
                "estack": "CypressError: Timed out retrying: Expected to find element: '.pixel', but never found it.\n    at cypressErr (http://localhost:40661/__cypress/runner/cypress_runner.js:149934:9)\n    at throwErr (http://localhost:40661/__cypress/runner/cypress_runner.js:149867:11)\n    at Object.throwErrByPath (http://localhost:40661/__cypress/runner/cypress_runner.js:149915:3)\n    at retry (http://localhost:40661/__cypress/runner/cypress_runner.js:144197:19)\n    at onFailFn (http://localhost:40661/__cypress/runner/cypress_runner.js:132448:16)\n    at tryCatcher (http://localhost:40661/__cypress/runner/cypress_runner.js:167415:23)\n    at Promise._settlePromiseFromHandler (http://localhost:40661/__cypress/runner/cypress_runner.js:165351:31)\n    at Promise._settlePromise (http://localhost:40661/__cypress/runner/cypress_runner.js:165408:18)\n    at Promise._settlePromise0 (http://localhost:40661/__cypress/runner/cypress_runner.js:165453:10)\n    at Promise._settlePromises (http://localhost:40661/__cypress/runner/cypress_runner.js:165528:18)\n    at Async../node_modules/bluebird/js/release/async.js.Async._drainQueue (http://localhost:40661/__cypress/runner/cypress_runner.js:162140:16)\n    at Async../node_modules/bluebird/js/release/async.js.Async._drainQueues (http://localhost:40661/__cypress/runner/cypress_runner.js:162150:10)\n    at Async.drainQueues (http://localhost:40661/__cypress/runner/cypress_runner.js:162024:14)",
                "diff": null
              },
              "uuid": "b06f3685-bbab-45b2-a785-a25891feae48",
              "parentUUID": "1aaec7a5-8108-4544-8750-6b9ca31bbe68",
              "isHook": false,
              "skipped": false
            },
            {
              "title": "Verifica se 40 pixels é o tamanho total do elemento, incluindo seu conteúdo e excluindo a borda preta, que deve ser criada à parte.",
              "fullTitle": "5 - Faça com que cada elemento do quadro de pixels possua 40 pixels de largura, 40 pixels de altura e seja delimitado por uma borda preta de 1 pixel. Verifica se 40 pixels é o tamanho total do elemento, incluindo seu conteúdo e excluindo a borda preta, que deve ser criada à parte.",
              "timedOut": null,
              "duration": 4358,
              "state": "failed",
              "speed": null,
              "pass": false,
              "fail": true,
              "pending": false,
              "context": null,
              "code": "cy.get('.pixel').each(function (pixel) {\n  cy.wrap(pixel).should('have.css', 'height', '40px').and('have.css', 'width', '40px').and('have.css', 'border', \"1px solid \".concat(BLACK));\n});",
              "err": {
                "message": "CypressError: Timed out retrying: Expected to find element: '.pixel', but never found it.",
                "estack": "CypressError: Timed out retrying: Expected to find element: '.pixel', but never found it.\n    at cypressErr (http://localhost:40661/__cypress/runner/cypress_runner.js:149934:9)\n    at throwErr (http://localhost:40661/__cypress/runner/cypress_runner.js:149867:11)\n    at Object.throwErrByPath (http://localhost:40661/__cypress/runner/cypress_runner.js:149915:3)\n    at retry (http://localhost:40661/__cypress/runner/cypress_runner.js:144197:19)\n    at onFailFn (http://localhost:40661/__cypress/runner/cypress_runner.js:132448:16)\n    at tryCatcher (http://localhost:40661/__cypress/runner/cypress_runner.js:167415:23)\n    at Promise._settlePromiseFromHandler (http://localhost:40661/__cypress/runner/cypress_runner.js:165351:31)\n    at Promise._settlePromise (http://localhost:40661/__cypress/runner/cypress_runner.js:165408:18)\n    at Promise._settlePromise0 (http://localhost:40661/__cypress/runner/cypress_runner.js:165453:10)\n    at Promise._settlePromises (http://localhost:40661/__cypress/runner/cypress_runner.js:165528:18)\n    at Async../node_modules/bluebird/js/release/async.js.Async._drainQueue (http://localhost:40661/__cypress/runner/cypress_runner.js:162140:16)\n    at Async../node_modules/bluebird/js/release/async.js.Async._drainQueues (http://localhost:40661/__cypress/runner/cypress_runner.js:162150:10)\n    at Async.drainQueues (http://localhost:40661/__cypress/runner/cypress_runner.js:162024:14)",
                "diff": null
              },
              "uuid": "6e890f23-6479-45a7-9155-6890d9a958f1",
              "parentUUID": "1aaec7a5-8108-4544-8750-6b9ca31bbe68",
              "isHook": false,
              "skipped": false
            }
          ],
          "suites": [],
          "passes": [],
          "failures": [
            "b06f3685-bbab-45b2-a785-a25891feae48",
            "6e890f23-6479-45a7-9155-6890d9a958f1"
          ],
          "pending": [],
          "skipped": [],
          "duration": 8714,
          "root": false,
          "rootEmpty": false,
          "_timeout": 2000
        },
        {
          "uuid": "2fe75c0e-0fcd-43da-9821-efc376485037",
          "title": "6 - Defina a cor preta como cor inicial. Ao carregar a página a cor preta já deve estar selecionada para pintar os pixels",
          "fullFile": "",
          "file": "",
          "beforeHooks": [],
          "afterHooks": [],
          "tests": [
            {
              "title": "Verifica se o elemento da cor preta possui, inicialmente, a `classe` `selected`",
              "fullTitle": "6 - Defina a cor preta como cor inicial. Ao carregar a página a cor preta já deve estar selecionada para pintar os pixels Verifica se o elemento da cor preta possui, inicialmente, a `classe` `selected`",
              "timedOut": null,
              "duration": 4340,
              "state": "failed",
              "speed": null,
              "pass": false,
              "fail": true,
              "pending": false,
              "context": null,
              "code": "cy.get('.selected').first().should('have.css', 'background-color', BLACK);",
              "err": {
                "message": "CypressError: Timed out retrying: Expected to find element: '.selected', but never found it.",
                "estack": "CypressError: Timed out retrying: Expected to find element: '.selected', but never found it.\n    at cypressErr (http://localhost:40661/__cypress/runner/cypress_runner.js:149934:9)\n    at throwErr (http://localhost:40661/__cypress/runner/cypress_runner.js:149867:11)\n    at Object.throwErrByPath (http://localhost:40661/__cypress/runner/cypress_runner.js:149915:3)\n    at retry (http://localhost:40661/__cypress/runner/cypress_runner.js:144197:19)\n    at onFailFn (http://localhost:40661/__cypress/runner/cypress_runner.js:132448:16)\n    at tryCatcher (http://localhost:40661/__cypress/runner/cypress_runner.js:167415:23)\n    at Promise._settlePromiseFromHandler (http://localhost:40661/__cypress/runner/cypress_runner.js:165351:31)\n    at Promise._settlePromise (http://localhost:40661/__cypress/runner/cypress_runner.js:165408:18)\n    at Promise._settlePromise0 (http://localhost:40661/__cypress/runner/cypress_runner.js:165453:10)\n    at Promise._settlePromises (http://localhost:40661/__cypress/runner/cypress_runner.js:165528:18)\n    at Async../node_modules/bluebird/js/release/async.js.Async._drainQueue (http://localhost:40661/__cypress/runner/cypress_runner.js:162140:16)\n    at Async../node_modules/bluebird/js/release/async.js.Async._drainQueues (http://localhost:40661/__cypress/runner/cypress_runner.js:162150:10)\n    at Async.drainQueues (http://localhost:40661/__cypress/runner/cypress_runner.js:162024:14)",
                "diff": null
              },
              "uuid": "5c63a331-b9f7-4723-9e36-685e95aa1973",
              "parentUUID": "2fe75c0e-0fcd-43da-9821-efc376485037",
              "isHook": false,
              "skipped": false
            },
            {
              "title": "Verifica se nenhuma outra cor da paleta tem a `classe` `selected`",
              "fullTitle": "6 - Defina a cor preta como cor inicial. Ao carregar a página a cor preta já deve estar selecionada para pintar os pixels Verifica se nenhuma outra cor da paleta tem a `classe` `selected`",
              "timedOut": null,
              "duration": 4363,
              "state": "failed",
              "speed": null,
              "pass": false,
              "fail": true,
              "pending": false,
              "context": null,
              "code": "cy.get('.color:not(:first-child)').each(function (color) {\n  cy.wrap(color).should('not.have.class', 'selected');\n});",
              "err": {
                "message": "CypressError: Timed out retrying: Expected to find element: '.color:not(:first-child)', but never found it.",
                "estack": "CypressError: Timed out retrying: Expected to find element: '.color:not(:first-child)', but never found it.\n    at cypressErr (http://localhost:40661/__cypress/runner/cypress_runner.js:149934:9)\n    at throwErr (http://localhost:40661/__cypress/runner/cypress_runner.js:149867:11)\n    at Object.throwErrByPath (http://localhost:40661/__cypress/runner/cypress_runner.js:149915:3)\n    at retry (http://localhost:40661/__cypress/runner/cypress_runner.js:144197:19)\n    at onFailFn (http://localhost:40661/__cypress/runner/cypress_runner.js:132448:16)\n    at tryCatcher (http://localhost:40661/__cypress/runner/cypress_runner.js:167415:23)\n    at Promise._settlePromiseFromHandler (http://localhost:40661/__cypress/runner/cypress_runner.js:165351:31)\n    at Promise._settlePromise (http://localhost:40661/__cypress/runner/cypress_runner.js:165408:18)\n    at Promise._settlePromise0 (http://localhost:40661/__cypress/runner/cypress_runner.js:165453:10)\n    at Promise._settlePromises (http://localhost:40661/__cypress/runner/cypress_runner.js:165528:18)\n    at Async../node_modules/bluebird/js/release/async.js.Async._drainQueue (http://localhost:40661/__cypress/runner/cypress_runner.js:162140:16)\n    at Async../node_modules/bluebird/js/release/async.js.Async._drainQueues (http://localhost:40661/__cypress/runner/cypress_runner.js:162150:10)\n    at Async.drainQueues (http://localhost:40661/__cypress/runner/cypress_runner.js:162024:14)",
                "diff": null
              },
              "uuid": "85b9abe2-d4fe-49b8-ae55-22e19f7e4b09",
              "parentUUID": "2fe75c0e-0fcd-43da-9821-efc376485037",
              "isHook": false,
              "skipped": false
            }
          ],
          "suites": [],
          "passes": [],
          "failures": [
            "5c63a331-b9f7-4723-9e36-685e95aa1973",
            "85b9abe2-d4fe-49b8-ae55-22e19f7e4b09"
          ],
          "pending": [],
          "skipped": [],
          "duration": 8703,
          "root": false,
          "rootEmpty": false,
          "_timeout": 2000
        },
        {
          "uuid": "50222fb5-9236-4e22-84bd-1e04982793c6",
          "title": "7 - Clicar em uma das cores da paleta, faz com que ela seja selecionada e utilizada para preencher os pixels no quadro.",
          "fullFile": "",
          "file": "",
          "beforeHooks": [],
          "afterHooks": [],
          "tests": [
            {
              "title": "Verifica se somente uma cor da paleta de cores tem a classe `selected` de cada vez",
              "fullTitle": "7 - Clicar em uma das cores da paleta, faz com que ela seja selecionada e utilizada para preencher os pixels no quadro. Verifica se somente uma cor da paleta de cores tem a classe `selected` de cada vez",
              "timedOut": null,
              "duration": 4366,
              "state": "failed",
              "speed": null,
              "pass": false,
              "fail": true,
              "pending": false,
              "context": null,
              "code": "cy.get('.color').each(function (selectedColor, selectedColorIndex) {\n  cy.wrap(selectedColor).click();\n  cy.get('.color').each(function (color, colorIndex) {\n    if (colorIndex === selectedColorIndex) {\n      expect(color).to.have[\"class\"]('selected');\n    } else {\n      expect(color).not.to.have[\"class\"]('selected');\n    }\n  });\n});",
              "err": {
                "message": "CypressError: Timed out retrying: Expected to find element: '.color', but never found it.",
                "estack": "CypressError: Timed out retrying: Expected to find element: '.color', but never found it.\n    at cypressErr (http://localhost:40661/__cypress/runner/cypress_runner.js:149934:9)\n    at throwErr (http://localhost:40661/__cypress/runner/cypress_runner.js:149867:11)\n    at Object.throwErrByPath (http://localhost:40661/__cypress/runner/cypress_runner.js:149915:3)\n    at retry (http://localhost:40661/__cypress/runner/cypress_runner.js:144197:19)\n    at onFailFn (http://localhost:40661/__cypress/runner/cypress_runner.js:132448:16)\n    at tryCatcher (http://localhost:40661/__cypress/runner/cypress_runner.js:167415:23)\n    at Promise._settlePromiseFromHandler (http://localhost:40661/__cypress/runner/cypress_runner.js:165351:31)\n    at Promise._settlePromise (http://localhost:40661/__cypress/runner/cypress_runner.js:165408:18)\n    at Promise._settlePromise0 (http://localhost:40661/__cypress/runner/cypress_runner.js:165453:10)\n    at Promise._settlePromises (http://localhost:40661/__cypress/runner/cypress_runner.js:165528:18)\n    at Async../node_modules/bluebird/js/release/async.js.Async._drainQueue (http://localhost:40661/__cypress/runner/cypress_runner.js:162140:16)\n    at Async../node_modules/bluebird/js/release/async.js.Async._drainQueues (http://localhost:40661/__cypress/runner/cypress_runner.js:162150:10)\n    at Async.drainQueues (http://localhost:40661/__cypress/runner/cypress_runner.js:162024:14)",
                "diff": null
              },
              "uuid": "114ff628-65da-443e-ad78-069587f02a26",
              "parentUUID": "50222fb5-9236-4e22-84bd-1e04982793c6",
              "isHook": false,
              "skipped": false
            },
            {
              "title": "Verifica se os pixels dentro do quadro não têm a classe `selected` quando são clicados",
              "fullTitle": "7 - Clicar em uma das cores da paleta, faz com que ela seja selecionada e utilizada para preencher os pixels no quadro. Verifica se os pixels dentro do quadro não têm a classe `selected` quando são clicados",
              "timedOut": null,
              "duration": 4337,
              "state": "failed",
              "speed": null,
              "pass": false,
              "fail": true,
              "pending": false,
              "context": null,
              "code": "cy.get('.color').each(function (color) {\n  var backgroundColor = color.css('background-color');\n  cy.wrap(color).click();\n  cy.get('.pixel').each(function (pixel) {\n    cy.wrap(pixel).click().should('not.have.class', 'selected');\n  });\n});",
              "err": {
                "message": "CypressError: Timed out retrying: Expected to find element: '.color', but never found it.",
                "estack": "CypressError: Timed out retrying: Expected to find element: '.color', but never found it.\n    at cypressErr (http://localhost:40661/__cypress/runner/cypress_runner.js:149934:9)\n    at throwErr (http://localhost:40661/__cypress/runner/cypress_runner.js:149867:11)\n    at Object.throwErrByPath (http://localhost:40661/__cypress/runner/cypress_runner.js:149915:3)\n    at retry (http://localhost:40661/__cypress/runner/cypress_runner.js:144197:19)\n    at onFailFn (http://localhost:40661/__cypress/runner/cypress_runner.js:132448:16)\n    at tryCatcher (http://localhost:40661/__cypress/runner/cypress_runner.js:167415:23)\n    at Promise._settlePromiseFromHandler (http://localhost:40661/__cypress/runner/cypress_runner.js:165351:31)\n    at Promise._settlePromise (http://localhost:40661/__cypress/runner/cypress_runner.js:165408:18)\n    at Promise._settlePromise0 (http://localhost:40661/__cypress/runner/cypress_runner.js:165453:10)\n    at Promise._settlePromises (http://localhost:40661/__cypress/runner/cypress_runner.js:165528:18)\n    at Async../node_modules/bluebird/js/release/async.js.Async._drainQueue (http://localhost:40661/__cypress/runner/cypress_runner.js:162140:16)\n    at Async../node_modules/bluebird/js/release/async.js.Async._drainQueues (http://localhost:40661/__cypress/runner/cypress_runner.js:162150:10)\n    at Async.drainQueues (http://localhost:40661/__cypress/runner/cypress_runner.js:162024:14)",
                "diff": null
              },
              "uuid": "233e8f0b-999e-4a09-b280-f4e10c904e16",
              "parentUUID": "50222fb5-9236-4e22-84bd-1e04982793c6",
              "isHook": false,
              "skipped": false
            }
          ],
          "suites": [],
          "passes": [],
          "failures": [
            "114ff628-65da-443e-ad78-069587f02a26",
            "233e8f0b-999e-4a09-b280-f4e10c904e16"
          ],
          "pending": [],
          "skipped": [],
          "duration": 8703,
          "root": false,
          "rootEmpty": false,
          "_timeout": 2000
        },
        {
          "uuid": "37b79f22-19be-4c12-9f24-929e71817b9a",
          "title": "8 - Clicar em um pixel dentro do quadro após selecionar uma cor na paleta, faz com que o pixel seja preenchido com a cor selecionada.",
          "fullFile": "",
          "file": "",
          "beforeHooks": [],
          "afterHooks": [],
          "tests": [
            {
              "title": "Verifica se ao carregar a página deve ser possível pintar os pixels de preto",
              "fullTitle": "8 - Clicar em um pixel dentro do quadro após selecionar uma cor na paleta, faz com que o pixel seja preenchido com a cor selecionada. Verifica se ao carregar a página deve ser possível pintar os pixels de preto",
              "timedOut": null,
              "duration": 4336,
              "state": "failed",
              "speed": null,
              "pass": false,
              "fail": true,
              "pending": false,
              "context": null,
              "code": "cy.get('.pixel').each(function (pixel) {\n  cy.wrap(pixel).click().should('have.css', 'background-color', BLACK);\n});",
              "err": {
                "message": "CypressError: Timed out retrying: Expected to find element: '.pixel', but never found it.",
                "estack": "CypressError: Timed out retrying: Expected to find element: '.pixel', but never found it.\n    at cypressErr (http://localhost:40661/__cypress/runner/cypress_runner.js:149934:9)\n    at throwErr (http://localhost:40661/__cypress/runner/cypress_runner.js:149867:11)\n    at Object.throwErrByPath (http://localhost:40661/__cypress/runner/cypress_runner.js:149915:3)\n    at retry (http://localhost:40661/__cypress/runner/cypress_runner.js:144197:19)\n    at onFailFn (http://localhost:40661/__cypress/runner/cypress_runner.js:132448:16)\n    at tryCatcher (http://localhost:40661/__cypress/runner/cypress_runner.js:167415:23)\n    at Promise._settlePromiseFromHandler (http://localhost:40661/__cypress/runner/cypress_runner.js:165351:31)\n    at Promise._settlePromise (http://localhost:40661/__cypress/runner/cypress_runner.js:165408:18)\n    at Promise._settlePromise0 (http://localhost:40661/__cypress/runner/cypress_runner.js:165453:10)\n    at Promise._settlePromises (http://localhost:40661/__cypress/runner/cypress_runner.js:165528:18)\n    at Async../node_modules/bluebird/js/release/async.js.Async._drainQueue (http://localhost:40661/__cypress/runner/cypress_runner.js:162140:16)\n    at Async../node_modules/bluebird/js/release/async.js.Async._drainQueues (http://localhost:40661/__cypress/runner/cypress_runner.js:162150:10)\n    at Async.drainQueues (http://localhost:40661/__cypress/runner/cypress_runner.js:162024:14)",
                "diff": null
              },
              "uuid": "41f2c378-5f3a-44ef-bb77-ebaa1ede1338",
              "parentUUID": "37b79f22-19be-4c12-9f24-929e71817b9a",
              "isHook": false,
              "skipped": false
            },
            {
              "title": "Verifica se após selecionar uma outra cor na paleta, é possível pintar os pixels com essa cor",
              "fullTitle": "8 - Clicar em um pixel dentro do quadro após selecionar uma cor na paleta, faz com que o pixel seja preenchido com a cor selecionada. Verifica se após selecionar uma outra cor na paleta, é possível pintar os pixels com essa cor",
              "timedOut": null,
              "duration": 4329,
              "state": "failed",
              "speed": null,
              "pass": false,
              "fail": true,
              "pending": false,
              "context": null,
              "code": "cy.get('.color').each(function (color) {\n  var backgroundColor = color.css('background-color');\n  cy.wrap(color).click();\n  cy.get('.pixel').each(function (pixel) {\n    cy.wrap(pixel).click().should('have.css', 'background-color', backgroundColor);\n  });\n});",
              "err": {
                "message": "CypressError: Timed out retrying: Expected to find element: '.color', but never found it.",
                "estack": "CypressError: Timed out retrying: Expected to find element: '.color', but never found it.\n    at cypressErr (http://localhost:40661/__cypress/runner/cypress_runner.js:149934:9)\n    at throwErr (http://localhost:40661/__cypress/runner/cypress_runner.js:149867:11)\n    at Object.throwErrByPath (http://localhost:40661/__cypress/runner/cypress_runner.js:149915:3)\n    at retry (http://localhost:40661/__cypress/runner/cypress_runner.js:144197:19)\n    at onFailFn (http://localhost:40661/__cypress/runner/cypress_runner.js:132448:16)\n    at tryCatcher (http://localhost:40661/__cypress/runner/cypress_runner.js:167415:23)\n    at Promise._settlePromiseFromHandler (http://localhost:40661/__cypress/runner/cypress_runner.js:165351:31)\n    at Promise._settlePromise (http://localhost:40661/__cypress/runner/cypress_runner.js:165408:18)\n    at Promise._settlePromise0 (http://localhost:40661/__cypress/runner/cypress_runner.js:165453:10)\n    at Promise._settlePromises (http://localhost:40661/__cypress/runner/cypress_runner.js:165528:18)\n    at Async../node_modules/bluebird/js/release/async.js.Async._drainQueue (http://localhost:40661/__cypress/runner/cypress_runner.js:162140:16)\n    at Async../node_modules/bluebird/js/release/async.js.Async._drainQueues (http://localhost:40661/__cypress/runner/cypress_runner.js:162150:10)\n    at Async.drainQueues (http://localhost:40661/__cypress/runner/cypress_runner.js:162024:14)",
                "diff": null
              },
              "uuid": "85374334-5c5e-424a-9b80-a4a587b3fcc9",
              "parentUUID": "37b79f22-19be-4c12-9f24-929e71817b9a",
              "isHook": false,
              "skipped": false
            },
            {
              "title": "Verifica se somente o pixel que foi clicado foi preenchido com a cor selecionada, sem influenciar na cor dos demais pixels.",
              "fullTitle": "8 - Clicar em um pixel dentro do quadro após selecionar uma cor na paleta, faz com que o pixel seja preenchido com a cor selecionada. Verifica se somente o pixel que foi clicado foi preenchido com a cor selecionada, sem influenciar na cor dos demais pixels.",
              "timedOut": null,
              "duration": 4400,
              "state": "failed",
              "speed": null,
              "pass": false,
              "fail": true,
              "pending": false,
              "context": null,
              "code": "var colorToPixelIndexMap = {\n  0: 6,\n  1: 8,\n  2: 16,\n  3: 18\n};\ncy.get('.color').each(function (color, index) {\n  cy.wrap(color).click();\n  var backgroundColor = color.css('background-color');\n  var clickedPixelIndex = colorToPixelIndexMap[index];\n  cy.get('.pixel').eq(clickedPixelIndex).click();\n  cy.get('.pixel').eq(clickedPixelIndex - 1).should('not.have.css', 'background-color', backgroundColor);\n  cy.get('.pixel').eq(clickedPixelIndex + 1).should('not.have.css', 'background-color', backgroundColor);\n  cy.get('.pixel').eq(clickedPixelIndex - 5).should('not.have.css', 'background-color', backgroundColor);\n  cy.get('.pixel').eq(clickedPixelIndex + 5).should('not.have.css', 'background-color', backgroundColor);\n  cy.get('.pixel').eq(clickedPixelIndex - 6).should('not.have.css', 'background-color', backgroundColor);\n  cy.get('.pixel').eq(clickedPixelIndex - 4).should('not.have.css', 'background-color', backgroundColor);\n  cy.get('.pixel').eq(clickedPixelIndex + 4).should('not.have.css', 'background-color', backgroundColor);\n  cy.get('.pixel').eq(clickedPixelIndex + 6).should('not.have.css', 'background-color', backgroundColor);\n});",
              "err": {
                "message": "CypressError: Timed out retrying: Expected to find element: '.color', but never found it.",
                "estack": "CypressError: Timed out retrying: Expected to find element: '.color', but never found it.\n    at cypressErr (http://localhost:40661/__cypress/runner/cypress_runner.js:149934:9)\n    at throwErr (http://localhost:40661/__cypress/runner/cypress_runner.js:149867:11)\n    at Object.throwErrByPath (http://localhost:40661/__cypress/runner/cypress_runner.js:149915:3)\n    at retry (http://localhost:40661/__cypress/runner/cypress_runner.js:144197:19)\n    at onFailFn (http://localhost:40661/__cypress/runner/cypress_runner.js:132448:16)\n    at tryCatcher (http://localhost:40661/__cypress/runner/cypress_runner.js:167415:23)\n    at Promise._settlePromiseFromHandler (http://localhost:40661/__cypress/runner/cypress_runner.js:165351:31)\n    at Promise._settlePromise (http://localhost:40661/__cypress/runner/cypress_runner.js:165408:18)\n    at Promise._settlePromise0 (http://localhost:40661/__cypress/runner/cypress_runner.js:165453:10)\n    at Promise._settlePromises (http://localhost:40661/__cypress/runner/cypress_runner.js:165528:18)\n    at Async../node_modules/bluebird/js/release/async.js.Async._drainQueue (http://localhost:40661/__cypress/runner/cypress_runner.js:162140:16)\n    at Async../node_modules/bluebird/js/release/async.js.Async._drainQueues (http://localhost:40661/__cypress/runner/cypress_runner.js:162150:10)\n    at Async.drainQueues (http://localhost:40661/__cypress/runner/cypress_runner.js:162024:14)",
                "diff": null
              },
              "uuid": "22993ddf-1a97-48d2-83bc-386627003f78",
              "parentUUID": "37b79f22-19be-4c12-9f24-929e71817b9a",
              "isHook": false,
              "skipped": false
            }
          ],
          "suites": [],
          "passes": [],
          "failures": [
            "41f2c378-5f3a-44ef-bb77-ebaa1ede1338",
            "85374334-5c5e-424a-9b80-a4a587b3fcc9",
            "22993ddf-1a97-48d2-83bc-386627003f78"
          ],
          "pending": [],
          "skipped": [],
          "duration": 13065,
          "root": false,
          "rootEmpty": false,
          "_timeout": 2000
        },
        {
          "uuid": "04ad0cdf-ca1a-460c-adfb-7def686424b0",
          "title": "9 - Crie um botão que, ao ser clicado, limpa o quadro preenchendo a cor de todos seus pixels com branco.",
          "fullFile": "",
          "file": "",
          "beforeHooks": [],
          "afterHooks": [],
          "tests": [
            {
              "title": "Verifica se o botão tem o `id` denominado `clear-board`",
              "fullTitle": "9 - Crie um botão que, ao ser clicado, limpa o quadro preenchendo a cor de todos seus pixels com branco. Verifica se o botão tem o `id` denominado `clear-board`",
              "timedOut": null,
              "duration": 4409,
              "state": "failed",
              "speed": null,
              "pass": false,
              "fail": true,
              "pending": false,
              "context": null,
              "code": "cy.get('#clear-board').should('be.visible');",
              "err": {
                "message": "CypressError: Timed out retrying: Expected to find element: '#clear-board', but never found it.",
                "estack": "CypressError: Timed out retrying: Expected to find element: '#clear-board', but never found it.\n    at cypressErr (http://localhost:40661/__cypress/runner/cypress_runner.js:149934:9)\n    at throwErr (http://localhost:40661/__cypress/runner/cypress_runner.js:149867:11)\n    at Object.throwErrByPath (http://localhost:40661/__cypress/runner/cypress_runner.js:149915:3)\n    at retry (http://localhost:40661/__cypress/runner/cypress_runner.js:144197:19)\n    at onFailFn (http://localhost:40661/__cypress/runner/cypress_runner.js:132448:16)\n    at tryCatcher (http://localhost:40661/__cypress/runner/cypress_runner.js:167415:23)\n    at Promise._settlePromiseFromHandler (http://localhost:40661/__cypress/runner/cypress_runner.js:165351:31)\n    at Promise._settlePromise (http://localhost:40661/__cypress/runner/cypress_runner.js:165408:18)\n    at Promise._settlePromise0 (http://localhost:40661/__cypress/runner/cypress_runner.js:165453:10)\n    at Promise._settlePromises (http://localhost:40661/__cypress/runner/cypress_runner.js:165528:18)\n    at Async../node_modules/bluebird/js/release/async.js.Async._drainQueue (http://localhost:40661/__cypress/runner/cypress_runner.js:162140:16)\n    at Async../node_modules/bluebird/js/release/async.js.Async._drainQueues (http://localhost:40661/__cypress/runner/cypress_runner.js:162150:10)\n    at Async.drainQueues (http://localhost:40661/__cypress/runner/cypress_runner.js:162024:14)",
                "diff": null
              },
              "uuid": "699410f6-c52a-46eb-ac95-8272adcc95ad",
              "parentUUID": "04ad0cdf-ca1a-460c-adfb-7def686424b0",
              "isHook": false,
              "skipped": false
            },
            {
              "title": "Verifica se o botão está posicionado entre a paleta de cores e o quadro de pixels",
              "fullTitle": "9 - Crie um botão que, ao ser clicado, limpa o quadro preenchendo a cor de todos seus pixels com branco. Verifica se o botão está posicionado entre a paleta de cores e o quadro de pixels",
              "timedOut": null,
              "duration": 4455,
              "state": "failed",
              "speed": null,
              "pass": false,
              "fail": true,
              "pending": false,
              "context": null,
              "code": "cy.get('#color-palette').then(function (palette) {\n  cy.get('#clear-board').should('be.belowOf', palette);\n});\ncy.get('#clear-board').then(function (clearBtn) {\n  cy.get('#pixel-board').should('be.belowOf', clearBtn);\n});",
              "err": {
                "message": "CypressError: Timed out retrying: Expected to find element: '#color-palette', but never found it.",
                "estack": "CypressError: Timed out retrying: Expected to find element: '#color-palette', but never found it.\n    at cypressErr (http://localhost:40661/__cypress/runner/cypress_runner.js:149934:9)\n    at throwErr (http://localhost:40661/__cypress/runner/cypress_runner.js:149867:11)\n    at Object.throwErrByPath (http://localhost:40661/__cypress/runner/cypress_runner.js:149915:3)\n    at retry (http://localhost:40661/__cypress/runner/cypress_runner.js:144197:19)\n    at onFailFn (http://localhost:40661/__cypress/runner/cypress_runner.js:132448:16)\n    at tryCatcher (http://localhost:40661/__cypress/runner/cypress_runner.js:167415:23)\n    at Promise._settlePromiseFromHandler (http://localhost:40661/__cypress/runner/cypress_runner.js:165351:31)\n    at Promise._settlePromise (http://localhost:40661/__cypress/runner/cypress_runner.js:165408:18)\n    at Promise._settlePromise0 (http://localhost:40661/__cypress/runner/cypress_runner.js:165453:10)\n    at Promise._settlePromises (http://localhost:40661/__cypress/runner/cypress_runner.js:165528:18)\n    at Async../node_modules/bluebird/js/release/async.js.Async._drainQueue (http://localhost:40661/__cypress/runner/cypress_runner.js:162140:16)\n    at Async../node_modules/bluebird/js/release/async.js.Async._drainQueues (http://localhost:40661/__cypress/runner/cypress_runner.js:162150:10)\n    at Async.drainQueues (http://localhost:40661/__cypress/runner/cypress_runner.js:162024:14)",
                "diff": null
              },
              "uuid": "c5ee5d3d-dff9-4dc7-a2d0-8133e8ffb541",
              "parentUUID": "04ad0cdf-ca1a-460c-adfb-7def686424b0",
              "isHook": false,
              "skipped": false
            },
            {
              "title": "Verifica se o texto do botão é 'Limpar'",
              "fullTitle": "9 - Crie um botão que, ao ser clicado, limpa o quadro preenchendo a cor de todos seus pixels com branco. Verifica se o texto do botão é 'Limpar'",
              "timedOut": null,
              "duration": 4362,
              "state": "failed",
              "speed": null,
              "pass": false,
              "fail": true,
              "pending": false,
              "context": null,
              "code": "cy.get('#clear-board').should('contain.text', 'Limpar');",
              "err": {
                "message": "CypressError: Timed out retrying: Expected to find element: '#clear-board', but never found it.",
                "estack": "CypressError: Timed out retrying: Expected to find element: '#clear-board', but never found it.\n    at cypressErr (http://localhost:40661/__cypress/runner/cypress_runner.js:149934:9)\n    at throwErr (http://localhost:40661/__cypress/runner/cypress_runner.js:149867:11)\n    at Object.throwErrByPath (http://localhost:40661/__cypress/runner/cypress_runner.js:149915:3)\n    at retry (http://localhost:40661/__cypress/runner/cypress_runner.js:144197:19)\n    at onFailFn (http://localhost:40661/__cypress/runner/cypress_runner.js:132448:16)\n    at tryCatcher (http://localhost:40661/__cypress/runner/cypress_runner.js:167415:23)\n    at Promise._settlePromiseFromHandler (http://localhost:40661/__cypress/runner/cypress_runner.js:165351:31)\n    at Promise._settlePromise (http://localhost:40661/__cypress/runner/cypress_runner.js:165408:18)\n    at Promise._settlePromise0 (http://localhost:40661/__cypress/runner/cypress_runner.js:165453:10)\n    at Promise._settlePromises (http://localhost:40661/__cypress/runner/cypress_runner.js:165528:18)\n    at Async../node_modules/bluebird/js/release/async.js.Async._drainQueue (http://localhost:40661/__cypress/runner/cypress_runner.js:162140:16)\n    at Async../node_modules/bluebird/js/release/async.js.Async._drainQueues (http://localhost:40661/__cypress/runner/cypress_runner.js:162150:10)\n    at Async.drainQueues (http://localhost:40661/__cypress/runner/cypress_runner.js:162024:14)",
                "diff": null
              },
              "uuid": "ac24dcbf-01c1-4044-b37e-f5f7908fb1b1",
              "parentUUID": "04ad0cdf-ca1a-460c-adfb-7def686424b0",
              "isHook": false,
              "skipped": false
            },
            {
              "title": "Verifica se ao clicar no botão, o quadro de pixels é totalmente preenchido de branco",
              "fullTitle": "9 - Crie um botão que, ao ser clicado, limpa o quadro preenchendo a cor de todos seus pixels com branco. Verifica se ao clicar no botão, o quadro de pixels é totalmente preenchido de branco",
              "timedOut": null,
              "duration": 4385,
              "state": "failed",
              "speed": null,
              "pass": false,
              "fail": true,
              "pending": false,
              "context": null,
              "code": "cy.get('.color').eq(1).then(function (color) {\n  var backgroundColor = color.css('background-color');\n  cy.wrap(color).click();\n  cy.get('.pixel').each(function (pixel) {\n    cy.wrap(pixel).click().should('have.css', 'background-color', backgroundColor);\n  });\n});\ncy.get('#clear-board').click();\ncy.get('.pixel').each(function (pixel) {\n  cy.wrap(pixel).should('have.css', 'background-color', WHITE);\n});",
              "err": {
                "message": "CypressError: Timed out retrying: Expected to find element: '.color', but never found it.",
                "estack": "CypressError: Timed out retrying: Expected to find element: '.color', but never found it.\n    at cypressErr (http://localhost:40661/__cypress/runner/cypress_runner.js:149934:9)\n    at throwErr (http://localhost:40661/__cypress/runner/cypress_runner.js:149867:11)\n    at Object.throwErrByPath (http://localhost:40661/__cypress/runner/cypress_runner.js:149915:3)\n    at retry (http://localhost:40661/__cypress/runner/cypress_runner.js:144197:19)\n    at onFailFn (http://localhost:40661/__cypress/runner/cypress_runner.js:132448:16)\n    at tryCatcher (http://localhost:40661/__cypress/runner/cypress_runner.js:167415:23)\n    at Promise._settlePromiseFromHandler (http://localhost:40661/__cypress/runner/cypress_runner.js:165351:31)\n    at Promise._settlePromise (http://localhost:40661/__cypress/runner/cypress_runner.js:165408:18)\n    at Promise._settlePromise0 (http://localhost:40661/__cypress/runner/cypress_runner.js:165453:10)\n    at Promise._settlePromises (http://localhost:40661/__cypress/runner/cypress_runner.js:165528:18)\n    at Async../node_modules/bluebird/js/release/async.js.Async._drainQueue (http://localhost:40661/__cypress/runner/cypress_runner.js:162140:16)\n    at Async../node_modules/bluebird/js/release/async.js.Async._drainQueues (http://localhost:40661/__cypress/runner/cypress_runner.js:162150:10)\n    at Async.drainQueues (http://localhost:40661/__cypress/runner/cypress_runner.js:162024:14)",
                "diff": null
              },
              "uuid": "b02b8459-2c19-4ca8-92f1-c2e7f5948531",
              "parentUUID": "04ad0cdf-ca1a-460c-adfb-7def686424b0",
              "isHook": false,
              "skipped": false
            }
          ],
          "suites": [],
          "passes": [],
          "failures": [
            "699410f6-c52a-46eb-ac95-8272adcc95ad",
            "c5ee5d3d-dff9-4dc7-a2d0-8133e8ffb541",
            "ac24dcbf-01c1-4044-b37e-f5f7908fb1b1",
            "b02b8459-2c19-4ca8-92f1-c2e7f5948531"
          ],
          "pending": [],
          "skipped": [],
          "duration": 17611,
          "root": false,
          "rootEmpty": false,
          "_timeout": 2000
        },
        {
          "uuid": "ec2b2945-d1e1-4417-b005-61c99c11bd77",
          "title": "10 - Faça o quadro de pixels ter seu tamanho definido pelo usuário.",
          "fullFile": "",
          "file": "",
          "beforeHooks": [],
          "afterHooks": [],
          "tests": [
            {
              "title": "Verifica se existe um input com o id `board-size`",
              "fullTitle": "10 - Faça o quadro de pixels ter seu tamanho definido pelo usuário. Verifica se existe um input com o id `board-size`",
              "timedOut": null,
              "duration": 4382,
              "state": "failed",
              "speed": null,
              "pass": false,
              "fail": true,
              "pending": false,
              "context": null,
              "code": "cy.get('#board-size').should('be.visible');",
              "err": {
                "message": "CypressError: Timed out retrying: Expected to find element: '#board-size', but never found it.",
[...]
                "diff": null
              },
              "uuid": "bec79511-3a1e-405f-b61e-6665ae0d77b9",
              "parentUUID": "ec2b2945-d1e1-4417-b005-61c99c11bd77",
              "isHook": false,
              "skipped": false
            },
            {
              "title": "Verifica se o novo quadro tem todos os pixels preenchidos com a cor branca",
              "fullTitle": "10 - Faça o quadro de pixels ter seu tamanho definido pelo usuário. Verifica se o novo quadro tem todos os pixels preenchidos com a cor branca",
              "timedOut": null,
              "duration": 4382,
              "state": "failed",
              "speed": null,
              "pass": false,
              "fail": true,
              "pending": false,
              "context": null,
              "code": "cy.get('#board-size').clear().type(6);\ncy.get('#generate-board').click();\ncy.get('.pixel').should('have.length', 36).each(function (pixel) {\n  expect(pixel).to.have.css('background-color', WHITE);\n});",
              "err": {
                "message": "CypressError: Timed out retrying: Expected to find element: '#board-size', but never found it.",
                "estack": "CypressError: Timed out retrying: Expected to find element: '#board-size', but never found it.\n    at cypressErr (http://localhost:40661/__cypress/runner/cypress_runner.js:149934:9)\n    at throwErr (http://localhost:40661/__cypress/runner/cypress_runner.js:149867:11)\n    at Object.throwErrByPath (http://localhost:40661/__cypress/runner/cypress_runner.js:149915:3)\n    at retry (http://localhost:40661/__cypress/runner/cypress_runner.js:144197:19)\n    at onFailFn (http://localhost:40661/__cypress/runner/cypress_runner.js:132448:16)\n    at tryCatcher (http://localhost:40661/__cypress/runner/cypress_runner.js:167415:23)\n    at Promise._settlePromiseFromHandler (http://localhost:40661/__cypress/runner/cypress_runner.js:165351:31)\n    at Promise._settlePromise (http://localhost:40661/__cypress/runner/cypress_runner.js:165408:18)\n    at Promise._settlePromise0 (http://localhost:40661/__cypress/runner/cypress_runner.js:165453:10)\n    at Promise._settlePromises (http://localhost:40661/__cypress/runner/cypress_runner.js:165528:18)\n    at Async../node_modules/bluebird/js/release/async.js.Async._drainQueue (http://localhost:40661/__cypress/runner/cypress_runner.js:162140:16)\n    at Async../node_modules/bluebird/js/release/async.js.Async._drainQueues (http://localhost:40661/__cypress/runner/cypress_runner.js:162150:10)\n    at Async.drainQueues (http://localhost:40661/__cypress/runner/cypress_runner.js:162024:14)",
                "diff": null
              },
              "uuid": "bb63218f-31b9-40cf-a54f-d549d797b9fa",
              "parentUUID": "ec2b2945-d1e1-4417-b005-61c99c11bd77",
              "isHook": false,
              "skipped": false
            }
          ],
          "suites": [],
          "passes": [],
          "failures": [
            "9acbd428-8662-48ae-853e-5c8f2e570f53",
            "9bfede5a-c050-4f60-8e9f-5777281f1bdc",
            "3da75057-ff4c-4a5f-a889-66049530cf28",
            "6c2d61a6-fe54-4791-99de-1ab1039c0059",
            "a45fc043-480b-44e4-bc77-f385c6324860",
            "1d048290-fb55-44ae-a819-9d917ab6098c",
            "2372682e-50a9-4ecd-aefa-ccd82297e4f4",
            "bec79511-3a1e-405f-b61e-6665ae0d77b9",
            "bb63218f-31b9-40cf-a54f-d549d797b9fa"
          ],
          "pending": [],
          "skipped": [],
          "duration": 39428,
          "root": false,
          "rootEmpty": false,
          "_timeout": 2000
        },
        {
          "uuid": "ecb4998e-3dba-4bdb-8b72-7a62bf79438d",
          "title": "11 - Limite o tamanho mínimo e máximo do board.",
          "fullFile": "",
          "file": "",
          "beforeHooks": [],
          "afterHooks": [],
          "tests": [
            {
              "title": "Verifica se a altura máxima do board é 50",
              "fullTitle": "11 - Limite o tamanho mínimo e máximo do board. Verifica se a altura máxima do board é 50",
              "timedOut": null,
              "duration": 4368,
              "state": "failed",
              "speed": null,
              "pass": false,
              "fail": true,
              "pending": false,
              "context": null,
              "code": "cy.get('#board-size').clear().type(50);\ncy.get('#generate-board').click();\ncy.get('.pixel').should('have.length', 2500);",
              "err": {
                "message": "CypressError: Timed out retrying: Expected to find element: '#board-size', but never found it.",
                "estack": "CypressError: Timed out retrying: Expected to find element: '#board-size', but never found it.\n    at cypressErr (http://localhost:40661/__cypress/runner/cypress_runner.js:149934:9)\n    at throwErr (http://localhost:40661/__cypress/runner/cypress_runner.js:149867:11)\n    at Object.throwErrByPath (http://localhost:40661/__cypress/runner/cypress_runner.js:149915:3)\n    at retry (http://localhost:40661/__cypress/runner/cypress_runner.js:144197:19)\n    at onFailFn (http://localhost:40661/__cypress/runner/cypress_runner.js:132448:16)\n    at tryCatcher (http://localhost:40661/__cypress/runner/cypress_runner.js:167415:23)\n    at Promise._settlePromiseFromHandler (http://localhost:40661/__cypress/runner/cypress_runner.js:165351:31)\n    at Promise._settlePromise (http://localhost:40661/__cypress/runner/cypress_runner.js:165408:18)\n    at Promise._settlePromise0 (http://localhost:40661/__cypress/runner/cypress_runner.js:165453:10)\n    at Promise._settlePromises (http://localhost:40661/__cypress/runner/cypress_runner.js:165528:18)\n    at Async../node_modules/bluebird/js/release/async.js.Async._drainQueue (http://localhost:40661/__cypress/runner/cypress_runner.js:162140:16)\n    at Async../node_modules/bluebird/js/release/async.js.Async._drainQueues (http://localhost:40661/__cypress/runner/cypress_runner.js:162150:10)\n    at Async.drainQueues (http://localhost:40661/__cypress/runner/cypress_runner.js:162024:14)",
                "diff": null
              },
              "uuid": "b6b3eb90-347b-4693-88ad-0dffa9d828d2",
              "parentUUID": "ecb4998e-3dba-4bdb-8b72-7a62bf79438d",
              "isHook": false,
              "skipped": false
            },
            {
              "title": "Verifica se a altura do board é 5 quando um valor menor é colocado no input",
              "fullTitle": "11 - Limite o tamanho mínimo e máximo do board. Verifica se a altura do board é 5 quando um valor menor é colocado no input",
              "timedOut": null,
              "duration": 4364,
              "state": "failed",
              "speed": null,
              "pass": false,
              "fail": true,
              "pending": false,
              "context": null,
              "code": "cy.get('#board-size').clear().type(4);\ncy.get('#generate-board').click();\ncy.get('.pixel').should('have.length', 25);",
              "err": {
                "message": "CypressError: Timed out retrying: Expected to find element: '#board-size', but never found it.",
                "estack": "CypressError: Timed out retrying: Expected to find element: '#board-size', but never found it.\n    at cypressErr (http://localhost:40661/__cypress/runner/cypress_runner.js:149934:9)\n    at throwErr (http://localhost:40661/__cypress/runner/cypress_runner.js:149867:11)\n    at Object.throwErrByPath (http://localhost:40661/__cypress/runner/cypress_runner.js:149915:3)\n    at retry (http://localhost:40661/__cypress/runner/cypress_runner.js:144197:19)\n    at onFailFn (http://localhost:40661/__cypress/runner/cypress_runner.js:132448:16)\n    at tryCatcher (http://localhost:40661/__cypress/runner/cypress_runner.js:167415:23)\n    at Promise._settlePromiseFromHandler (http://localhost:40661/__cypress/runner/cypress_runner.js:165351:31)\n    at Promise._settlePromise (http://localhost:40661/__cypress/runner/cypress_runner.js:165408:18)\n    at Promise._settlePromise0 (http://localhost:40661/__cypress/runner/cypress_runner.js:165453:10)\n    at Promise._settlePromises (http://localhost:40661/__cypress/runner/cypress_runner.js:165528:18)\n    at Async../node_modules/bluebird/js/release/async.js.Async._drainQueue (http://localhost:40661/__cypress/runner/cypress_runner.js:162140:16)\n    at Async../node_modules/bluebird/js/release/async.js.Async._drainQueues (http://localhost:40661/__cypress/runner/cypress_runner.js:162150:10)\n    at Async.drainQueues (http://localhost:40661/__cypress/runner/cypress_runner.js:162024:14)",
                "diff": null
              },
              "uuid": "bbd537db-6af7-49b3-a494-8cecb0620f47",
              "parentUUID": "ecb4998e-3dba-4bdb-8b72-7a62bf79438d",
              "isHook": false,
              "skipped": false
            },
            {
              "title": "Verifica se a altura do board é 50 quando um valor maior é colocado no input",
              "fullTitle": "11 - Limite o tamanho mínimo e máximo do board. Verifica se a altura do board é 50 quando um valor maior é colocado no input",
              "timedOut": null,
              "duration": 4423,
              "state": "failed",
              "speed": null,
              "pass": false,
              "fail": true,
              "pending": false,
              "context": null,
              "code": "cy.get('#board-size').clear().type(51);\ncy.get('#generate-board').click();\ncy.get('.pixel').should('have.length', 2500);",
              "err": {
                "message": "CypressError: Timed out retrying: Expected to find element: '#board-size', but never found it.",
                "estack": "CypressError: Timed out retrying: Expected to find element: '#board-size', but never found it.\n    at cypressErr (http://localhost:40661/__cypress/runner/cypress_runner.js:149934:9)\n    at throwErr (http://localhost:40661/__cypress/runner/cypress_runner.js:149867:11)\n    at Object.throwErrByPath (http://localhost:40661/__cypress/runner/cypress_runner.js:149915:3)\n    at retry (http://localhost:40661/__cypress/runner/cypress_runner.js:144197:19)\n    at onFailFn (http://localhost:40661/__cypress/runner/cypress_runner.js:132448:16)\n    at tryCatcher (http://localhost:40661/__cypress/runner/cypress_runner.js:167415:23)\n    at Promise._settlePromiseFromHandler (http://localhost:40661/__cypress/runner/cypress_runner.js:165351:31)\n    at Promise._settlePromise (http://localhost:40661/__cypress/runner/cypress_runner.js:165408:18)\n    at Promise._settlePromise0 (http://localhost:40661/__cypress/runner/cypress_runner.js:165453:10)\n    at Promise._settlePromises (http://localhost:40661/__cypress/runner/cypress_runner.js:165528:18)\n    at Async../node_modules/bluebird/js/release/async.js.Async._drainQueue (http://localhost:40661/__cypress/runner/cypress_runner.js:162140:16)\n    at Async../node_modules/bluebird/js/release/async.js.Async._drainQueues (http://localhost:40661/__cypress/runner/cypress_runner.js:162150:10)\n    at Async.drainQueues (http://localhost:40661/__cypress/runner/cypress_runner.js:162024:14)",
                "diff": null
              },
              "uuid": "b3875795-9dda-4ea1-a381-8eb9650a07d8",
              "parentUUID": "ecb4998e-3dba-4bdb-8b72-7a62bf79438d",
              "isHook": false,
              "skipped": false
            }
          ],
          "suites": [],
          "passes": [],
          "failures": [
            "b6b3eb90-347b-4693-88ad-0dffa9d828d2",
            "bbd537db-6af7-49b3-a494-8cecb0620f47",
            "b3875795-9dda-4ea1-a381-8eb9650a07d8"
          ],
          "pending": [],
          "skipped": [],
          "duration": 13155,
          "root": false,
          "rootEmpty": false,
          "_timeout": 2000
        },
        {
          "uuid": "5174e12a-f5e3-44d4-aa07-314bbff3b05d",
          "title": "12 - Faça com que as cores da paleta sejam geradas aleatoriamente ao carregar a página.",
          "fullFile": "",
          "file": "",
          "beforeHooks": [],
          "afterHooks": [],
          "tests": [
            {
              "title": "Verifica se as cores geradas na paleta são diferentes a cada carregamento da página",
              "fullTitle": "12 - Faça com que as cores da paleta sejam geradas aleatoriamente ao carregar a página. Verifica se as cores geradas na paleta são diferentes a cada carregamento da página",
              "timedOut": null,
              "duration": 4378,
              "state": "failed",
              "speed": null,
              "pass": false,
              "fail": true,
              "pending": false,
              "context": null,
              "code": "cy.get('.color').then(function (colors) {\n  var currentColors;\n  var previousColors;\n  previousColors = Array.from(colors).map(function (color) {\n    return Cypress.$(color).css('background-color');\n  });\n  for (var i = 0; i < 5; i += 1) {\n    cy.reload();\n    cy.get('.color').then(function (colors) {\n      currentColors = Array.from(colors).map(function (color) {\n        return Cypress.$(color).css('background-color');\n      });\n      expect(currentColors).not.to.deep.equal(previousColors);\n      previousColors = currentColors;\n    });\n  }\n});",
              "err": {
                "message": "CypressError: Timed out retrying: Expected to find element: '.color', but never found it.",
                "estack": "CypressError: Timed out retrying: Expected to find element: '.color', but never found it.\n    at cypressErr (http://localhost:40661/__cypress/runner/cypress_runner.js:149934:9)\n    at throwErr (http://localhost:40661/__cypress/runner/cypress_runner.js:149867:11)\n    at Object.throwErrByPath (http://localhost:40661/__cypress/runner/cypress_runner.js:149915:3)\n    at retry (http://localhost:40661/__cypress/runner/cypress_runner.js:144197:19)\n    at onFailFn (http://localhost:40661/__cypress/runner/cypress_runner.js:132448:16)\n    at tryCatcher (http://localhost:40661/__cypress/runner/cypress_runner.js:167415:23)\n    at Promise._settlePromiseFromHandler (http://localhost:40661/__cypress/runner/cypress_runner.js:165351:31)\n    at Promise._settlePromise (http://localhost:40661/__cypress/runner/cypress_runner.js:165408:18)\n    at Promise._settlePromise0 (http://localhost:40661/__cypress/runner/cypress_runner.js:165453:10)\n    at Promise._settlePromises (http://localhost:40661/__cypress/runner/cypress_runner.js:165528:18)\n    at Async../node_modules/bluebird/js/release/async.js.Async._drainQueue (http://localhost:40661/__cypress/runner/cypress_runner.js:162140:16)\n    at Async../node_modules/bluebird/js/release/async.js.Async._drainQueues (http://localhost:40661/__cypress/runner/cypress_runner.js:162150:10)\n    at Async.drainQueues (http://localhost:40661/__cypress/runner/cypress_runner.js:162024:14)",
                "diff": null
              },
              "uuid": "4d889afe-6504-4a5a-9503-6455f85427ac",
              "parentUUID": "5174e12a-f5e3-44d4-aa07-314bbff3b05d",
              "isHook": false,
              "skipped": false
            },
            {
              "title": "Verifica se a cor preta ainda está presente e é a primeira na sua paleta de cores",
              "fullTitle": "12 - Faça com que as cores da paleta sejam geradas aleatoriamente ao carregar a página. Verifica se a cor preta ainda está presente e é a primeira na sua paleta de cores",
              "timedOut": null,
              "duration": 4385,
              "state": "failed",
              "speed": null,
              "pass": false,
              "fail": true,
              "pending": false,
              "context": null,
              "code": "cy.get('.color').then(function (colors) {\n  var currentColors;\n  var previousColors;\n  previousColors = Array.from(colors).map(function (color) {\n    return Cypress.$(color).css('background-color');\n  });\n  expect(previousColors[0]).to.eq(BLACK);\n  for (var i = 0; i < 5; i += 1) {\n    cy.reload();\n    cy.get('.color').then(function (colors) {\n      currentColors = Array.from(colors).map(function (color) {\n        return Cypress.$(color).css('background-color');\n      });\n      expect(currentColors[0]).to.eq(BLACK);\n      expect(currentColors).not.to.deep.equal(previousColors);\n      previousColors = currentColors;\n    });\n  }\n});",
              "err": {
                "message": "CypressError: Timed out retrying: Expected to find element: '.color', but never found it.",
                "estack": "CypressError: Timed out retrying: Expected to find element: '.color', but never found it.\n    at cypressErr (http://localhost:40661/__cypress/runner/cypress_runner.js:149934:9)\n    at throwErr (http://localhost:40661/__cypress/runner/cypress_runner.js:149867:11)\n    at Object.throwErrByPath (http://localhost:40661/__cypress/runner/cypress_runner.js:149915:3)\n    at retry (http://localhost:40661/__cypress/runner/cypress_runner.js:144197:19)\n    at onFailFn (http://localhost:40661/__cypress/runner/cypress_runner.js:132448:16)\n    at tryCatcher (http://localhost:40661/__cypress/runner/cypress_runner.js:167415:23)\n    at Promise._settlePromiseFromHandler (http://localhost:40661/__cypress/runner/cypress_runner.js:165351:31)\n    at Promise._settlePromise (http://localhost:40661/__cypress/runner/cypress_runner.js:165408:18)\n    at Promise._settlePromise0 (http://localhost:40661/__cypress/runner/cypress_runner.js:165453:10)\n    at Promise._settlePromises (http://localhost:40661/__cypress/runner/cypress_runner.js:165528:18)\n    at Async../node_modules/bluebird/js/release/async.js.Async._drainQueue (http://localhost:40661/__cypress/runner/cypress_runner.js:162140:16)\n    at Async../node_modules/bluebird/js/release/async.js.Async._drainQueues (http://localhost:40661/__cypress/runner/cypress_runner.js:162150:10)\n    at Async.drainQueues (http://localhost:40661/__cypress/runner/cypress_runner.js:162024:14)",
                "diff": null
              },
              "uuid": "71ea0bfa-0c5b-44ee-b76c-e41c3db8f102",
              "parentUUID": "5174e12a-f5e3-44d4-aa07-314bbff3b05d",
              "isHook": false,
              "skipped": false
            }
          ],
          "suites": [],
          "passes": [],
          "failures": [
            "4d889afe-6504-4a5a-9503-6455f85427ac",
            "71ea0bfa-0c5b-44ee-b76c-e41c3db8f102"
          ],
          "pending": [],
          "skipped": [],
          "duration": 8763,
          "root": false,
          "rootEmpty": false,
          "_timeout": 2000
        }
      ],
      "passes": [],
      "failures": [],
      "pending": [],
      "skipped": [],
      "duration": 0,
      "root": true,
      "rootEmpty": true,
      "_timeout": 2000
    }
  ],
  "meta": {
    "mocha": {
      "version": "7.0.1"
    },
    "mochawesome": {
      "options": {
        "quiet": false,
        "reportFilename": "mochawesome",
        "saveHtml": false,
        "saveJson": true,
        "consoleReporter": "spec",
        "useInlineDiffs": false
      },
      "version": "4.1.0"
    },
    "marge": {
      "options": {
        "id": "default",
        "reportDir": "cypress/reports",
        "overwrite": true,
        "html": false,
        "json": true
      },
      "version": "4.1.0"
    }
  }
}